<?xml version="1.0" encoding="utf-8" standalone="no"?>
<!--This file represents the results of running a test suite-->
<test-results name="F:\vs10dev\DataPump\TestSuite\bin\Debug\TestSuite.dll" total="1" errors="0" failures="0" not-run="0" inconclusive="0" ignored="0" skipped="0" invalid="0" date="2012-01-03" time="16:50:40">
  <environment nunit-version="2.5.10.11092" clr-version="2.0.50727.3053" os-version="Microsoft Windows NT 5.1.2600 Service Pack 3" platform="Win32NT" cwd="E:\Program Files\NUnit-2.5.10.11092\bin\net-2.0" machine-name="BHO-VM36" user="admin" user-domain="BHO-VM36" />
  <culture-info current-culture="en-US" current-uiculture="en-US" />
  <test-suite type="Assembly" name="F:\vs10dev\DataPump\TestSuite\bin\Debug\TestSuite.dll" executed="True" result="Success" success="True" time="1.438" asserts="0">
    <results>
      <test-suite type="Namespace" name="TestSuite" executed="True" result="Success" success="True" time="1.422" asserts="0">
        <results>
          <test-suite type="TestFixture" name="TestSuite" executed="True" result="Success" success="True" time="1.391" asserts="0">
            <results>
              <test-case name="TestSuite.TestSuite.CanSerializeListOfDynamicToXML" executed="True" result="Success" success="True" time="1.313" asserts="1">
                <categories>
                  <category name="Serialize" />
                </categories>
              </test-case>
            </results>
          </test-suite>
        </results>
      </test-suite>
    </results>
  </test-suite>
</test-results>